<?xml version="1.0" encoding="UTF-8"?>
<!-- Generated by org.testng.reporters.JUnitReportReporter -->
<testsuite skipped="0" hostname="DESKTOP-0O7QH13" name="seleniumpractice.Log4jTest" tests="1" failures="0" timestamp="14 Oct 2018 12:26:39 GMT" time="10.415" errors="0">
  <testcase name="upperCase" time="10.415" classname="seleniumpractice.Log4jTest"/>
</testsuite> <!-- seleniumpractice.Log4jTest -->
