<?xml version="1.0" encoding="UTF-8"?>
<!-- Generated by org.testng.reporters.JUnitReportReporter -->
<testsuite skipped="0" hostname="DESKTOP-0O7QH13" name="googlehomepage.HomePageTest" tests="2" failures="0" timestamp="07 Oct 2018 21:35:58 GMT" time="25.480" errors="0">
  <testcase name="homePageTitleTest" time="12.983" classname="googlehomepage.HomePageTest"/>
  <testcase name="checkAllLinksTest" time="12.497" classname="googlehomepage.HomePageTest"/>
</testsuite> <!-- googlehomepage.HomePageTest -->
