<?xml version="1.0" encoding="UTF-8"?>
<!-- Generated by org.testng.reporters.JUnitReportReporter -->
<testsuite skipped="0" hostname="DESKTOP-0O7QH13" name="seleniumpractice.Selenium" tests="1" failures="0" timestamp="13 Oct 2018 16:22:59 GMT" time="156.998" errors="0">
  <testcase name="selectElementWithSameLocator" time="156.998" classname="seleniumpractice.Selenium"/>
</testsuite> <!-- seleniumpractice.Selenium -->
