<?xml version="1.0" encoding="UTF-8"?>
<!-- Generated by org.testng.reporters.JUnitReportReporter -->
<testsuite skipped="3" hostname="DESKTOP-0O7QH13" name="seleniumpractice.EnterValuesInUpperCase" tests="4" failures="0" timestamp="12 Oct 2018 18:47:50 GMT" time="85.852" errors="0">
  <testcase name="selectElementWithSameLocator" time="85.852" classname="seleniumpractice.EnterValuesInUpperCase"/>
  <testcase name="upperCase" classname="seleniumpractice.EnterValuesInUpperCase">
    <skipped/>
  </testcase> <!-- upperCase -->
  <testcase name="rightClick" classname="seleniumpractice.EnterValuesInUpperCase">
    <skipped/>
  </testcase> <!-- rightClick -->
  <testcase name="windowResize" classname="seleniumpractice.EnterValuesInUpperCase">
    <skipped/>
  </testcase> <!-- windowResize -->
</testsuite> <!-- seleniumpractice.EnterValuesInUpperCase -->
